<?xml version="1.0" encoding="UTF-8"?>
<!-- Generated by org.testng.reporters.JUnitReportReporter -->
<testsuite hostname="TYP0422131" failures="0" tests="3" name="com.Ty.TestNG.TestNGExample" time="0.006" errors="0" timestamp="2022-08-12T11:09:36 IST" skipped="0">
  <testcase classname="com.Ty.TestNG.TestNGExample" name="modify" time="0.002"/>
  <system-out>
    <![CDATA[Modified]]>
  </system-out>
  <testcase classname="com.Ty.TestNG.TestNGExample" name="create" time="0.002"/>
  <system-out>
    <![CDATA[Created]]>
  </system-out>
  <testcase classname="com.Ty.TestNG.TestNGExample" name="delete" time="0.002"/>
  <system-out>
    <![CDATA[Deleted]]>
  </system-out>
</testsuite> <!-- com.Ty.TestNG.TestNGExample -->
