<?xml version="1.0" encoding="UTF-8"?>
<!-- Generated by org.testng.reporters.JUnitReportReporter -->
<testsuite hostname="TYP0422131" failures="0" tests="4" name="com.Ty.TestNG.DependsOnParent" time="0.110" errors="0" timestamp="2022-08-11T15:40:55 IST" skipped="0">
  <testcase classname="com.Ty.TestNG.DependsOnParent" name="testThree" time="0.098"/>
  <system-out/>
  <testcase classname="com.Ty.TestNG.DependsOnParent" name="testFour" time="0.003"/>
  <system-out/>
  <testcase classname="com.Ty.TestNG.DependsOnParent" name="testOne" time="0.004"/>
  <system-out/>
  <testcase classname="com.Ty.TestNG.DependsOnParent" name="testTwo" time="0.005"/>
  <system-out/>
</testsuite> <!-- com.Ty.TestNG.DependsOnParent -->
