<?xml version="1.0" encoding="UTF-8"?>
<!-- Generated by org.testng.reporters.JUnitReportReporter -->
<testsuite hostname="TYP0422131" failures="0" tests="1" name="com.Ty.ScrollActions.ScrollFlip" time="10.732" errors="0" timestamp="04 Aug 2022 08:08:09 GMT" skipped="0">
  <testcase classname="com.Ty.ScrollActions.ScrollFlip" name="scrollPage" time="10.732"/>
</testsuite> <!-- com.Ty.ScrollActions.ScrollFlip -->
