<?xml version="1.0" encoding="UTF-8"?>
<!-- Generated by org.testng.reporters.JUnitReportReporter -->
<testsuite hostname="TYP0422131" failures="0" tests="1" name="com.Ty.ScrollActions.ScrollHorizantally" time="28.386" errors="0" timestamp="04 Aug 2022 08:03:50 GMT" skipped="0">
  <testcase classname="com.Ty.ScrollActions.ScrollHorizantally" name="scrollBySpecifiedHeight" time="28.386"/>
</testsuite> <!-- com.Ty.ScrollActions.ScrollHorizantally -->
