<?xml version="1.0" encoding="UTF-8"?>
<!-- Generated by org.testng.reporters.JUnitReportReporter -->
<testsuite hostname="TYP0422131" failures="0" tests="1" name="com.Ty.ScrollActions.ScrollEle" time="206.516" errors="0" timestamp="03 Aug 2022 12:18:26 GMT" skipped="0">
  <testcase classname="com.Ty.ScrollActions.ScrollEle" name="scrollPage" time="206.516"/>
</testsuite> <!-- com.Ty.ScrollActions.ScrollEle -->
