<?xml version="1.0" encoding="UTF-8"?>
<!-- Generated by org.testng.reporters.JUnitReportReporter -->
<testsuite hostname="TYP0422131" failures="0" tests="1" name="com.Ty.Bigbasket.BigbasketTest" time="171.547" errors="0" timestamp="2022-08-19T10:42:57 IST" skipped="0">
  <testcase classname="com.Ty.Bigbasket.BigbasketTest" name="prizeAndName" time="171.547"/>
  <system-out>
    <![CDATA[ProductSize: 20
ProductSize: 20
ProductName: Tomato - Local, Organically Grown (Loose)
ProductPrice: Rs 11.54
ProductName: Tomato - Hybrid, Organically Grown (Loose)
ProductPrice: Rs 10.71
ProductName: Tomato Ketchup
ProductPrice: Rs 71.25
ProductName: Tomato Ketchup
ProductPrice: MRP: Rs 165
ProductName: Truly Tomato Ketchup - No Added Preservatives
ProductPrice: MRP: Rs 149
ProductName: Hot Sweet Tomato Chilli Sauce - No Added Preservatives
ProductPrice: Rs 91.52
ProductName: Tomato - Cherry
ProductPrice: Rs 27.69
ProductName: Fresh Tomato Ketchup
ProductPrice: MRP: Rs 108
ProductName: Chilli Tomato Sauce
ProductPrice: MRP: Rs 115
ProductName: Tomato - Green (Loose)
ProductPrice: Rs 20.71
ProductName: Tomato Ketchup - Classic Blend, Rich & Thick Condiment
ProductPrice: Rs 76.50
ProductName: Tomato - Diced
ProductPrice: Rs 19.74
ProductName: Papad - Tomato Rice
ProductPrice: MRP: Rs 30
ProductName: Tomato Puree
ProductPrice: MRP: Rs 25
ProductName: Hot & Sweet - Tomato Chilli Sauce, Versatile Condiment For Salted, Savoury, Fried Snacks
ProductPrice: Rs 155
ProductName: Tomato Ketchup - Squeasy
ProductPrice: MRP: Rs 110
ProductName: Natural Tomato Paste
ProductPrice: MRP: Rs 65
ProductName: Hommade Tomato Puree - From 100% Ripe Tomatoes, No Added Preservatives
ProductPrice: Rs 21.50
ProductName: Tomato Sauce - Napoletana, Made From Italian Tomatoes, For Pizza, Baking
ProductPrice: MRP: Rs 292
ProductName: Tomato Sauce With Chilli - Sugo Arrabbiata, Made From Italian Tomatoes, For Pasta, Baked Goods
ProductPrice: MRP: Rs 295]]>
  </system-out>
</testsuite> <!-- com.Ty.Bigbasket.BigbasketTest -->
