<?xml version="1.0" encoding="UTF-8"?>
<!-- Generated by org.testng.reporters.JUnitReportReporter -->
<testsuite hostname="TYP0422131" failures="0" tests="4" name="com.Ty.Excel.ExcelDataProvider" time="55.365" errors="0" timestamp="2022-08-12T16:06:39 IST" skipped="0">
  <testcase classname="com.Ty.Excel.ExcelDataProvider" name="search" time="13.624"/>
  <system-out>
    <![CDATA[Invalid credentials]]>
  </system-out>
  <testcase classname="com.Ty.Excel.ExcelDataProvider" name="search" time="13.459"/>
  <system-out>
    <![CDATA[Invalid credentials]]>
  </system-out>
  <testcase classname="com.Ty.Excel.ExcelDataProvider" name="search" time="14.482"/>
  <system-out>
    <![CDATA[Invalid credentials]]>
  </system-out>
  <testcase classname="com.Ty.Excel.ExcelDataProvider" name="search" time="13.800"/>
  <system-out>
    <![CDATA[Account disabled]]>
  </system-out>
</testsuite> <!-- com.Ty.Excel.ExcelDataProvider -->
