<?xml version="1.0" encoding="UTF-8"?>
<!-- Generated by org.testng.reporters.JUnitReportReporter -->
<testsuite hostname="TYP0422131" failures="0" tests="1" name="com.Ty.DisnyHotstar.Practice" time="27.921" errors="0" timestamp="13 Jul 2022 05:14:13 GMT" skipped="0">
  <testcase classname="com.Ty.DisnyHotstar.Practice" name="hotStarData" time="27.921"/>
</testsuite> <!-- com.Ty.DisnyHotstar.Practice -->
