<?xml version="1.0" encoding="UTF-8"?>
<!-- Generated by org.testng.reporters.JUnitReportReporter -->
<testsuite hostname="TYP0422131" failures="0" tests="1" name="com.Ty.Wiki.FetchTextInImage" time="0.454" errors="0" timestamp="01 Aug 2022 11:40:16 GMT" skipped="0">
  <testcase classname="com.Ty.Wiki.FetchTextInImage" name="start" time="0.454"/>
</testsuite> <!-- com.Ty.Wiki.FetchTextInImage -->
