<?xml version="1.0" encoding="UTF-8"?>
<!-- Generated by org.testng.reporters.JUnitReportReporter -->
<testsuite hostname="TYP0422131" failures="0" tests="1" name="com.Ty.ScrollActions.ScrollToBottom" time="8.427" errors="0" timestamp="04 Aug 2022 07:33:39 GMT" skipped="0">
  <testcase classname="com.Ty.ScrollActions.ScrollToBottom" name="scrollToBottom" time="8.427"/>
</testsuite> <!-- com.Ty.ScrollActions.ScrollToBottom -->
