<?xml version="1.0" encoding="UTF-8"?>
<!-- Generated by org.testng.reporters.JUnitReportReporter -->
<testsuite hostname="TYP0422131" failures="0" tests="1" name="Print" time="0.127" errors="0" timestamp="02 Aug 2022 12:03:52 GMT" skipped="0">
  <testcase classname="Print" name="print" time="0.127"/>
</testsuite> <!-- Print -->
