<?xml version="1.0" encoding="UTF-8"?>
<!-- Generated by org.testng.reporters.JUnitReportReporter -->
<testsuite hostname="TYP0422131" failures="0" tests="1" name="com.Ty.FileHandling.UploadFileTest" time="0.214" errors="0" timestamp="2022-08-17T14:14:26 IST" skipped="0">
  <testcase classname="com.Ty.FileHandling.UploadFileTest" name="uploadFileTest" time="0.214"/>
  <system-out/>
</testsuite> <!-- com.Ty.FileHandling.UploadFileTest -->
