<?xml version="1.0" encoding="UTF-8"?>
<!-- Generated by org.testng.reporters.JUnitReportReporter -->
<testsuite hostname="TYP0422131" failures="0" tests="3" name="com.Ty.DataProvider.GmailSignUp" time="113.609" errors="0" timestamp="2022-08-16T14:38:18 IST" skipped="0">
  <testcase classname="com.Ty.DataProvider.GmailSignUp" name="search" time="39.218"/>
  <system-out/>
  <testcase classname="com.Ty.DataProvider.GmailSignUp" name="search" time="37.201"/>
  <system-out/>
  <testcase classname="com.Ty.DataProvider.GmailSignUp" name="search" time="37.190"/>
  <system-out/>
</testsuite> <!-- com.Ty.DataProvider.GmailSignUp -->
