<?xml version="1.0" encoding="UTF-8"?>
<!-- Generated by org.testng.reporters.JUnitReportReporter -->
<testsuite hostname="TYP0422131" failures="0" tests="1" name="com.Ty.IPLRanking.FetchRanking" time="9.989" errors="0" timestamp="2022-08-22T17:25:51 IST" skipped="0">
  <testcase classname="com.Ty.IPLRanking.FetchRanking" name="fetchRanking" time="9.989"/>
  <system-out>
    <![CDATA[80
j value is 80]]>
  </system-out>
</testsuite> <!-- com.Ty.IPLRanking.FetchRanking -->
