<?xml version="1.0" encoding="UTF-8"?>
<!-- Generated by org.testng.reporters.JUnitReportReporter -->
<testsuite hostname="TYP0422131" failures="0" tests="2" name="com.Ty.DataProvider.DataProviderParameter" time="0.067" errors="0" timestamp="2022-08-12T12:04:30 IST" skipped="0">
  <testcase classname="com.Ty.DataProvider.DataProviderParameter" name="myTest" time="0.065"/>
  <system-out/>
  <testcase classname="com.Ty.DataProvider.DataProviderParameter" name="myTest" time="0.002"/>
  <system-out/>
</testsuite> <!-- com.Ty.DataProvider.DataProviderParameter -->
