<?xml version="1.0" encoding="UTF-8"?>
<!-- Generated by org.testng.reporters.JUnitReportReporter -->
<testsuite hostname="TYP0422131" failures="0" tests="1" name="com.Ty.TestNG.ParentClassTest" time="0.074" errors="0" timestamp="2022-08-12T11:09:56 IST" skipped="0">
  <testcase classname="com.Ty.TestNG.ParentClassTest" name="testTwo" time="0.074"/>
  <system-out/>
</testsuite> <!-- com.Ty.TestNG.ParentClassTest -->
