<?xml version="1.0" encoding="UTF-8"?>
<!-- Generated by org.testng.reporters.JUnitReportReporter -->
<testsuite hostname="TYP0422131" failures="0" tests="1" name="com.Ty.MakeMyTrip.FetchTheRecommendedBangloreMoviesByclickingNext" time="46.167" errors="0" timestamp="20 Jul 2022 11:00:45 GMT" skipped="0">
  <testcase classname="com.Ty.MakeMyTrip.FetchTheRecommendedBangloreMoviesByclickingNext" name="fetchTheRecommendedBangloreMoviesByclickingNext" time="46.167"/>
</testsuite> <!-- com.Ty.MakeMyTrip.FetchTheRecommendedBangloreMoviesByclickingNext -->
