<?xml version="1.0" encoding="UTF-8"?>
<!-- Generated by org.testng.reporters.JUnitReportReporter -->
<testsuite hostname="TYP0422131" failures="0" tests="8" name="com.Ty.TestNG.InvocationCountEX" time="0.139" errors="0" timestamp="2022-08-12T11:04:03 IST" skipped="0">
  <testcase classname="com.Ty.TestNG.InvocationCountEX" name="modify" time="0.002"/>
  <system-out>
    <![CDATA[Modified]]>
  </system-out>
  <testcase classname="com.Ty.TestNG.InvocationCountEX" name="create" time="0.003"/>
  <system-out>
    <![CDATA[Created]]>
  </system-out>
  <testcase classname="com.Ty.TestNG.InvocationCountEX" name="modify" time="0.002"/>
  <system-out>
    <![CDATA[Modified]]>
  </system-out>
  <testcase classname="com.Ty.TestNG.InvocationCountEX" name="create" time="0.119"/>
  <system-out>
    <![CDATA[Created]]>
  </system-out>
  <testcase classname="com.Ty.TestNG.InvocationCountEX" name="modify" time="0.002"/>
  <system-out>
    <![CDATA[Modified]]>
  </system-out>
  <testcase classname="com.Ty.TestNG.InvocationCountEX" name="create" time="0.003"/>
  <system-out>
    <![CDATA[Created]]>
  </system-out>
  <testcase classname="com.Ty.TestNG.InvocationCountEX" name="modify" time="0.005"/>
  <system-out>
    <![CDATA[Modified]]>
  </system-out>
  <testcase classname="com.Ty.TestNG.InvocationCountEX" name="modify" time="0.003"/>
  <system-out>
    <![CDATA[Modified]]>
  </system-out>
</testsuite> <!-- com.Ty.TestNG.InvocationCountEX -->
