<?xml version="1.0" encoding="UTF-8"?>
<!-- Generated by org.testng.reporters.JUnitReportReporter -->
<testsuite hostname="TYP0422131" failures="0" tests="1" name="com.Ty.ScrollActions.ScrollPageByJSValue" time="37.166" errors="0" timestamp="04 Aug 2022 06:05:40 GMT" skipped="0">
  <testcase classname="com.Ty.ScrollActions.ScrollPageByJSValue" name="scrollPageByJSValue" time="37.166"/>
</testsuite> <!-- com.Ty.ScrollActions.ScrollPageByJSValue -->
