<?xml version="1.0" encoding="UTF-8"?>
<!-- Generated by org.testng.reporters.JUnitReportReporter -->
<testsuite hostname="TYP0422131" failures="0" tests="1" name="com.Ty.ScrollActions.ScrollAmazon" time="19.874" errors="0" timestamp="03 Aug 2022 09:35:47 GMT" skipped="0">
  <testcase classname="com.Ty.ScrollActions.ScrollAmazon" name="scrollPage" time="19.874"/>
</testsuite> <!-- com.Ty.ScrollActions.ScrollAmazon -->
