<?xml version="1.0" encoding="UTF-8"?>
<!-- Generated by org.testng.reporters.JUnitReportReporter -->
<testsuite hostname="TYP0422131" failures="0" tests="1" name="com.Ty.BookMyShow.SelectChenniAndFetchTheText" time="131.877" errors="0" timestamp="21 Jul 2022 11:02:02 GMT" skipped="0">
  <testcase classname="com.Ty.BookMyShow.SelectChenniAndFetchTheText" name="selectChenniAndFetchTheRecommendedMovieNames" time="131.877"/>
</testsuite> <!-- com.Ty.BookMyShow.SelectChenniAndFetchTheText -->
