<?xml version="1.0" encoding="UTF-8"?>
<!-- Generated by org.testng.reporters.JUnitReportReporter -->
<testsuite hostname="TYP0422131" failures="0" tests="1" name="com.Ty.BookMyShow.FetchTheRecommendedBangloreMoviesByclickingNext" time="44.674" errors="0" timestamp="21 Jul 2022 10:15:09 GMT" skipped="0">
  <testcase classname="com.Ty.BookMyShow.FetchTheRecommendedBangloreMoviesByclickingNext" name="fetchTheRecommendedBangloreMoviesByclickingNext" time="44.674"/>
</testsuite> <!-- com.Ty.BookMyShow.FetchTheRecommendedBangloreMoviesByclickingNext -->
