<?xml version="1.0" encoding="UTF-8"?>
<!-- Generated by org.testng.reporters.JUnitReportReporter -->
<testsuite hostname="TYP0422131" failures="0" tests="1" name="com.Ty.Wiki.WikiIphoneText" time="9.806" errors="0" timestamp="01 Aug 2022 04:58:48 GMT" skipped="0">
  <testcase classname="com.Ty.Wiki.WikiIphoneText" name="test" time="9.806"/>
</testsuite> <!-- com.Ty.Wiki.WikiIphoneText -->
