<?xml version="1.0" encoding="UTF-8"?>
<!-- Generated by org.testng.reporters.JUnitReportReporter -->
<testsuite hostname="TYP0422131" failures="0" tests="1" name="com.Ty.ScrollActions.ScrollBySpecifiedHeight" time="10.624" errors="0" timestamp="04 Aug 2022 06:10:44 GMT" skipped="0">
  <testcase classname="com.Ty.ScrollActions.ScrollBySpecifiedHeight" name="scrollPageByJSValue" time="10.624"/>
</testsuite> <!-- com.Ty.ScrollActions.ScrollBySpecifiedHeight -->
