<?xml version="1.0" encoding="UTF-8"?>
<!-- Generated by org.testng.reporters.JUnitReportReporter -->
<testsuite hostname="TYP0422131" failures="0" tests="4" name="com.Ty.TestNG.PriorityInTestNg" time="0.063" errors="0" timestamp="2022-08-12T11:09:36 IST" skipped="0">
  <testcase classname="com.Ty.TestNG.PriorityInTestNg" name="create" time="0.057"/>
  <system-out>
    <![CDATA[Created]]>
  </system-out>
  <testcase classname="com.Ty.TestNG.PriorityInTestNg" name="delete" time="0.002"/>
  <system-out>
    <![CDATA[Deleted]]>
  </system-out>
  <testcase classname="com.Ty.TestNG.PriorityInTestNg" name="send" time="0.002"/>
  <system-out>
    <![CDATA[send]]>
  </system-out>
  <testcase classname="com.Ty.TestNG.PriorityInTestNg" name="modify" time="0.002"/>
  <system-out>
    <![CDATA[Modified]]>
  </system-out>
</testsuite> <!-- com.Ty.TestNG.PriorityInTestNg -->
