<?xml version="1.0" encoding="UTF-8"?>
<!-- Generated by org.testng.reporters.JUnitReportReporter -->
<testsuite hostname="TYP0422131" failures="0" tests="4" name="com.Ty.TestNG.DependsOnMethods" time="0.008" errors="0" timestamp="2022-08-12T11:09:36 IST" skipped="0">
  <testcase classname="com.Ty.TestNG.DependsOnMethods" name="create" time="0.003"/>
  <system-out>
    <![CDATA[Created
Array value 7]]>
  </system-out>
  <testcase classname="com.Ty.TestNG.DependsOnMethods" name="modify" time="0.002"/>
  <system-out>
    <![CDATA[Modified]]>
  </system-out>
  <testcase classname="com.Ty.TestNG.DependsOnMethods" name="send" time="0.002"/>
  <system-out>
    <![CDATA[send]]>
  </system-out>
  <testcase classname="com.Ty.TestNG.DependsOnMethods" name="delete" time="0.001"/>
  <system-out>
    <![CDATA[Deleted]]>
  </system-out>
</testsuite> <!-- com.Ty.TestNG.DependsOnMethods -->
