<?xml version="1.0" encoding="UTF-8"?>
<!-- Generated by org.testng.reporters.JUnitReportReporter -->
<testsuite hostname="TYP0422131" failures="0" tests="1" name="com.Ty.ScrollActions.Scroll" time="27.222" errors="0" timestamp="03 Aug 2022 07:09:00 GMT" skipped="0">
  <testcase classname="com.Ty.ScrollActions.Scroll" name="scroll" time="27.222"/>
</testsuite> <!-- com.Ty.ScrollActions.Scroll -->
