<?xml version="1.0" encoding="UTF-8"?>
<!-- Generated by org.testng.reporters.JUnitReportReporter -->
<testsuite hostname="TYP0422131" failures="0" tests="1" name="com.Ty.FileHandling.DownloadFile" time="11.463" errors="0" timestamp="2022-08-17T15:31:58 IST" skipped="0">
  <testcase classname="com.Ty.FileHandling.DownloadFile" name="fileDownload" time="11.463"/>
  <system-out/>
</testsuite> <!-- com.Ty.FileHandling.DownloadFile -->
