<?xml version="1.0" encoding="UTF-8"?>
<!-- Generated by org.testng.reporters.JUnitReportReporter -->
<testsuite hostname="TYP0422131" failures="0" tests="1" name="com.Ty.Robort.KeyboardFunctions" time="50.632" errors="0" timestamp="02 Aug 2022 07:15:01 GMT" skipped="0">
  <testcase classname="com.Ty.Robort.KeyboardFunctions" name="keyboardFunctions" time="50.632"/>
</testsuite> <!-- com.Ty.Robort.KeyboardFunctions -->
