<?xml version="1.0" encoding="UTF-8"?>
<!-- Generated by org.testng.reporters.JUnitReportReporter -->
<testsuite hostname="TYP0422131" failures="0" tests="1" name="com.Ty.BookMyShow.BookMyshowBasedOncity" time="126.836" errors="0" timestamp="25 Jul 2022 07:25:33 GMT" skipped="0">
  <testcase classname="com.Ty.BookMyShow.BookMyshowBasedOncity" name="bookMyshowBasedOncity" time="126.836"/>
</testsuite> <!-- com.Ty.BookMyShow.BookMyshowBasedOncity -->
