<?xml version="1.0" encoding="UTF-8"?>
<!-- Generated by org.testng.reporters.JUnitReportReporter -->
<testsuite hostname="TYP0422131" failures="0" tests="1" name="com.Ty.Robort.KeyFunction" time="7.531" errors="0" timestamp="04 Aug 2022 05:56:08 GMT" skipped="0">
  <testcase classname="com.Ty.Robort.KeyFunction" name="keyFunction" time="7.531"/>
</testsuite> <!-- com.Ty.Robort.KeyFunction -->
