<?xml version="1.0" encoding="UTF-8"?>
<!-- Generated by org.testng.reporters.JUnitReportReporter -->
<testsuite hostname="TYP0422131" failures="0" tests="4" name="com.Ty.Excel.ExcelMethodsClass" time="21.305" errors="0" timestamp="10 Aug 2022 11:06:30 GMT" skipped="3">
  <testcase classname="com.Ty.Excel.ExcelMethodsClass" name="setMultipleDataIntoExcel" time="21.305"/>
  <testcase classname="com.Ty.Excel.ExcelMethodsClass" name="getDataFromExcel">
    <skipped/>
  </testcase> <!-- getDataFromExcel -->
  <testcase classname="com.Ty.Excel.ExcelMethodsClass" name="setDataIntoExcel">
    <skipped/>
  </testcase> <!-- setDataIntoExcel -->
  <testcase classname="com.Ty.Excel.ExcelMethodsClass" name="getMultipleDataFromExcel">
    <skipped/>
  </testcase> <!-- getMultipleDataFromExcel -->
</testsuite> <!-- com.Ty.Excel.ExcelMethodsClass -->
